CRITICAL - 2021-11-25 00:00:52 --> Uncaught ErrorException: Cannot modify header information - headers already sent by (output started at /home/rygba/Workstation/ecommerce/app/Config/Events.php:32) in /home/rygba/Workstation/ecommerce/vendor/codeigniter4/framework/system/Debug/Exceptions.php:107
Stack trace:
#0 [internal function]: CodeIgniter\Debug\Exceptions->errorHandler()
#1 /home/rygba/Workstation/ecommerce/vendor/codeigniter4/framework/system/Debug/Exceptions.php(107): header()
#2 [internal function]: CodeIgniter\Debug\Exceptions->exceptionHandler()
#3 {main}
  thrown
#0 [internal function]: CodeIgniter\Debug\Exceptions->shutdownHandler()
#1 {main}
CRITICAL - 2021-11-25 00:01:16 --> Uncaught ErrorException: Cannot modify header information - headers already sent by (output started at /home/rygba/Workstation/ecommerce/app/Config/Events.php:32) in /home/rygba/Workstation/ecommerce/vendor/codeigniter4/framework/system/Debug/Exceptions.php:107
Stack trace:
#0 [internal function]: CodeIgniter\Debug\Exceptions->errorHandler()
#1 /home/rygba/Workstation/ecommerce/vendor/codeigniter4/framework/system/Debug/Exceptions.php(107): header()
#2 [internal function]: CodeIgniter\Debug\Exceptions->exceptionHandler()
#3 {main}
  thrown
#0 [internal function]: CodeIgniter\Debug\Exceptions->shutdownHandler()
#1 {main}
CRITICAL - 2021-11-25 00:52:09 --> Invalid file: Beranda/layout.php
#0 /home/rygba/Workstation/ecommerce/vendor/codeigniter4/framework/system/View/View.php(198): CodeIgniter\Exceptions\FrameworkException::forInvalidFile()
#1 /home/rygba/Workstation/ecommerce/vendor/codeigniter4/framework/system/Common.php(1097): CodeIgniter\View\View->render()
#2 /home/rygba/Workstation/ecommerce/app/Controllers/Admin.php(11): view()
#3 /home/rygba/Workstation/ecommerce/vendor/codeigniter4/framework/system/CodeIgniter.php(824): App\Controllers\Admin->index()
#4 /home/rygba/Workstation/ecommerce/vendor/codeigniter4/framework/system/CodeIgniter.php(410): CodeIgniter\CodeIgniter->runController()
#5 /home/rygba/Workstation/ecommerce/vendor/codeigniter4/framework/system/CodeIgniter.php(318): CodeIgniter\CodeIgniter->handleRequest()
#6 /home/rygba/Workstation/ecommerce/public/index.php(37): CodeIgniter\CodeIgniter->run()
#7 /home/rygba/Workstation/ecommerce/vendor/codeigniter4/framework/system/Commands/Server/rewrite.php(43): require_once('...')
#8 {main}
