CRITICAL - 2021-11-23 23:14:43 --> Call to undefined method CodeIgniter\View\View::content()
#0 /home/rygba/Workstation/ecommerce-smart/vendor/codeigniter4/framework/system/View/View.php(214): include()
#1 /home/rygba/Workstation/ecommerce-smart/vendor/codeigniter4/framework/system/View/View.php(217): CodeIgniter\View\View->CodeIgniter\View\{closure}()
#2 /home/rygba/Workstation/ecommerce-smart/vendor/codeigniter4/framework/system/Common.php(1097): CodeIgniter\View\View->render()
#3 /home/rygba/Workstation/ecommerce-smart/app/Controllers/Home.php(9): view()
#4 /home/rygba/Workstation/ecommerce-smart/vendor/codeigniter4/framework/system/CodeIgniter.php(824): App\Controllers\Home->index()
#5 /home/rygba/Workstation/ecommerce-smart/vendor/codeigniter4/framework/system/CodeIgniter.php(410): CodeIgniter\CodeIgniter->runController()
#6 /home/rygba/Workstation/ecommerce-smart/vendor/codeigniter4/framework/system/CodeIgniter.php(318): CodeIgniter\CodeIgniter->handleRequest()
#7 /home/rygba/Workstation/ecommerce-smart/public/index.php(37): CodeIgniter\CodeIgniter->run()
#8 /home/rygba/Workstation/ecommerce-smart/vendor/codeigniter4/framework/system/Commands/Server/rewrite.php(43): require_once('...')
#9 {main}
CRITICAL - 2021-11-23 23:15:22 --> Call to undefined method CodeIgniter\View\View::content()
#0 /home/rygba/Workstation/ecommerce-smart/vendor/codeigniter4/framework/system/View/View.php(214): include()
#1 /home/rygba/Workstation/ecommerce-smart/vendor/codeigniter4/framework/system/View/View.php(217): CodeIgniter\View\View->CodeIgniter\View\{closure}()
#2 /home/rygba/Workstation/ecommerce-smart/vendor/codeigniter4/framework/system/Common.php(1097): CodeIgniter\View\View->render()
#3 /home/rygba/Workstation/ecommerce-smart/app/Controllers/Home.php(9): view()
#4 /home/rygba/Workstation/ecommerce-smart/vendor/codeigniter4/framework/system/CodeIgniter.php(824): App\Controllers\Home->index()
#5 /home/rygba/Workstation/ecommerce-smart/vendor/codeigniter4/framework/system/CodeIgniter.php(410): CodeIgniter\CodeIgniter->runController()
#6 /home/rygba/Workstation/ecommerce-smart/vendor/codeigniter4/framework/system/CodeIgniter.php(318): CodeIgniter\CodeIgniter->handleRequest()
#7 /home/rygba/Workstation/ecommerce-smart/public/index.php(37): CodeIgniter\CodeIgniter->run()
#8 /home/rygba/Workstation/ecommerce-smart/vendor/codeigniter4/framework/system/Commands/Server/rewrite.php(43): require_once('...')
#9 {main}
