CRITICAL - 2021-11-27 08:48:04 --> Invalid file: layout/component/siderbar.php
#0 /home/rygba/Workstation/ecommerce/vendor/codeigniter4/framework/system/View/View.php(198): CodeIgniter\Exceptions\FrameworkException::forInvalidFile()
#1 /home/rygba/Workstation/ecommerce/vendor/codeigniter4/framework/system/Common.php(1097): CodeIgniter\View\View->render()
#2 /home/rygba/Workstation/ecommerce/app/Controllers/Admin.php(11): view()
#3 /home/rygba/Workstation/ecommerce/vendor/codeigniter4/framework/system/CodeIgniter.php(824): App\Controllers\Admin->index()
#4 /home/rygba/Workstation/ecommerce/vendor/codeigniter4/framework/system/CodeIgniter.php(410): CodeIgniter\CodeIgniter->runController()
#5 /home/rygba/Workstation/ecommerce/vendor/codeigniter4/framework/system/CodeIgniter.php(318): CodeIgniter\CodeIgniter->handleRequest()
#6 /home/rygba/Workstation/ecommerce/public/index.php(37): CodeIgniter\CodeIgniter->run()
#7 /home/rygba/Workstation/ecommerce/vendor/codeigniter4/framework/system/Commands/Server/rewrite.php(43): require_once('...')
#8 {main}
CRITICAL - 2021-11-27 08:48:52 --> Invalid file: layout/component/siderbar.php
#0 /home/rygba/Workstation/ecommerce/vendor/codeigniter4/framework/system/View/View.php(198): CodeIgniter\Exceptions\FrameworkException::forInvalidFile()
#1 /home/rygba/Workstation/ecommerce/vendor/codeigniter4/framework/system/Common.php(1097): CodeIgniter\View\View->render()
#2 /home/rygba/Workstation/ecommerce/app/Controllers/Admin.php(11): view()
#3 /home/rygba/Workstation/ecommerce/vendor/codeigniter4/framework/system/CodeIgniter.php(824): App\Controllers\Admin->index()
#4 /home/rygba/Workstation/ecommerce/vendor/codeigniter4/framework/system/CodeIgniter.php(410): CodeIgniter\CodeIgniter->runController()
#5 /home/rygba/Workstation/ecommerce/vendor/codeigniter4/framework/system/CodeIgniter.php(318): CodeIgniter\CodeIgniter->handleRequest()
#6 /home/rygba/Workstation/ecommerce/public/index.php(37): CodeIgniter\CodeIgniter->run()
#7 /home/rygba/Workstation/ecommerce/vendor/codeigniter4/framework/system/Commands/Server/rewrite.php(43): require_once('...')
#8 {main}
CRITICAL - 2021-11-27 08:52:12 --> Invalid file: layout/compponent/header.php
#0 /home/rygba/Workstation/ecommerce/vendor/codeigniter4/framework/system/View/View.php(198): CodeIgniter\Exceptions\FrameworkException::forInvalidFile()
#1 /home/rygba/Workstation/ecommerce/vendor/codeigniter4/framework/system/Common.php(1097): CodeIgniter\View\View->render()
#2 /home/rygba/Workstation/ecommerce/app/Controllers/Admin.php(11): view()
#3 /home/rygba/Workstation/ecommerce/vendor/codeigniter4/framework/system/CodeIgniter.php(824): App\Controllers\Admin->index()
#4 /home/rygba/Workstation/ecommerce/vendor/codeigniter4/framework/system/CodeIgniter.php(410): CodeIgniter\CodeIgniter->runController()
#5 /home/rygba/Workstation/ecommerce/vendor/codeigniter4/framework/system/CodeIgniter.php(318): CodeIgniter\CodeIgniter->handleRequest()
#6 /home/rygba/Workstation/ecommerce/public/index.php(37): CodeIgniter\CodeIgniter->run()
#7 /home/rygba/Workstation/ecommerce/vendor/codeigniter4/framework/system/Commands/Server/rewrite.php(43): require_once('...')
#8 {main}
